0 verbose cli /usr/local/bin/node /usr/local/bin/npm
1 info using npm@9.4.0
2 info using node@v16.13.1
3 timing npm:load:whichnode Completed in 2ms
4 timing config:load:defaults Completed in 2ms
5 timing config:load:file:/usr/local/lib/node_modules/npm/npmrc Completed in 1ms
6 timing config:load:builtin Completed in 2ms
7 timing config:load:cli Completed in 3ms
8 timing config:load:env Completed in 1ms
9 timing config:load:project Completed in 1ms
10 timing config:load:file:/app/.npmrc Completed in 1ms
11 timing config:load:user Completed in 2ms
12 timing config:load:file:/usr/local/etc/npmrc Completed in 0ms
13 timing config:load:global Completed in 0ms
14 timing config:load:setEnvs Completed in 1ms
15 timing config:load Completed in 12ms
16 timing npm:load:configload Completed in 12ms
17 timing npm:load:mkdirpcache Completed in 1ms
18 timing npm:load:mkdirplogs Completed in 0ms
19 verbose title npm install @tailwindcss/forms
20 verbose argv "install" "--save-dev" "@tailwindcss/forms"
21 timing npm:load:setTitle Completed in 1ms
22 timing config:load:flatten Completed in 3ms
23 timing npm:load:display Completed in 5ms
24 verbose logfile logs-max:10 dir:/app/.npm/_logs/2023-01-27T03_55_57_089Z-
25 verbose logfile /app/.npm/_logs/2023-01-27T03_55_57_089Z-debug-0.log
26 timing npm:load:logFile Completed in 35ms
27 timing npm:load:timers Completed in 0ms
28 timing npm:load:configScope Completed in 1ms
29 timing npm:load Completed in 58ms
30 timing arborist:ctor Completed in 2ms
31 silly logfile done cleaning log files
32 timing idealTree:init Completed in 412ms
33 timing idealTree:userRequests Completed in 5ms
34 silly idealTree buildDeps
35 silly fetch manifest @tailwindcss/forms@*
36 timing arborist:ctor Completed in 0ms
37 http fetch GET 200 https://registry.npmjs.org/@tailwindcss%2fforms 540ms (cache miss)
38 silly fetch manifest tailwindcss@^3.2.4
39 http fetch GET 200 https://registry.npmjs.org/tailwindcss 161ms (cache revalidated)
40 silly placeDep ROOT @tailwindcss/forms@0.5.3 OK for: test@0.1.0 want: *
41 silly fetch manifest mini-svg-data-uri@^1.2.3
42 http fetch GET 200 https://registry.npmjs.org/mini-svg-data-uri 611ms (cache miss)
43 timing idealTree:#root Completed in 1360ms
44 silly placeDep ROOT mini-svg-data-uri@1.4.4 OK for: @tailwindcss/forms@0.5.3 want: ^1.2.3
45 timing idealTree:node_modules/@tailwindcss/forms Completed in 6ms
46 timing idealTree:node_modules/mini-svg-data-uri Completed in 0ms
47 silly fetch manifest typescript@>=2.8.0 || >= 3.2.0-dev || >= 3.3.0-dev || >= 3.4.0-dev || >= 3.5.0-dev || >= 3.6.0-dev || >= 3.6.0-beta || >= 3.7.0-dev || >= 3.7.0-beta
48 http fetch GET 200 https://registry.npmjs.org/typescript 238ms (cache revalidated)
49 silly placeDep ROOT typescript@4.9.4 OK for: tsutils@3.21.0 want: >=2.8.0 || >= 3.2.0-dev || >= 3.3.0-dev || >= 3.4.0-dev || >= 3.5.0-dev || >= 3.6.0-dev || >= 3.6.0-beta || >= 3.7.0-dev || >= 3.7.0-beta
50 timing idealTree:node_modules/tsutils Completed in 282ms
51 timing idealTree:node_modules/typescript Completed in 0ms
52 timing idealTree:buildDeps Completed in 1668ms
53 timing idealTree:fixDepFlags Completed in 21ms
54 timing idealTree Completed in 2126ms
55 timing reify:loadTrees Completed in 2127ms
56 timing reify:diffTrees Completed in 54ms
57 silly reify moves {}
58 timing reify:retireShallow Completed in 2ms
59 timing reify:createSparse Completed in 64ms
60 timing reify:loadBundles Completed in 0ms
61 silly audit bulk request {
61 silly audit   '@babel/runtime': [ '7.20.13' ],
61 silly audit   '@eslint/eslintrc': [ '1.4.1' ],
61 silly audit   '@humanwhocodes/config-array': [ '0.11.8' ],
61 silly audit   '@humanwhocodes/module-importer': [ '1.0.1' ],
61 silly audit   '@humanwhocodes/object-schema': [ '1.2.1' ],
61 silly audit   '@next/env': [ '13.1.5' ],
61 silly audit   '@next/eslint-plugin-next': [ '13.1.5' ],
61 silly audit   '@next/font': [ '13.1.5' ],
61 silly audit   '@next/swc-android-arm-eabi': [ '13.1.5' ],
61 silly audit   '@next/swc-android-arm64': [ '13.1.5' ],
61 silly audit   '@next/swc-darwin-arm64': [ '13.1.5' ],
61 silly audit   '@next/swc-darwin-x64': [ '13.1.5' ],
61 silly audit   '@next/swc-freebsd-x64': [ '13.1.5' ],
61 silly audit   '@next/swc-linux-arm-gnueabihf': [ '13.1.5' ],
61 silly audit   '@next/swc-linux-arm64-gnu': [ '13.1.5' ],
61 silly audit   '@next/swc-linux-arm64-musl': [ '13.1.5' ],
61 silly audit   '@next/swc-linux-x64-gnu': [ '13.1.5' ],
61 silly audit   '@next/swc-linux-x64-musl': [ '13.1.5' ],
61 silly audit   '@next/swc-win32-arm64-msvc': [ '13.1.5' ],
61 silly audit   '@next/swc-win32-ia32-msvc': [ '13.1.5' ],
61 silly audit   '@next/swc-win32-x64-msvc': [ '13.1.5' ],
61 silly audit   '@nodelib/fs.scandir': [ '2.1.5' ],
61 silly audit   '@nodelib/fs.stat': [ '2.0.5' ],
61 silly audit   '@nodelib/fs.walk': [ '1.2.8' ],
61 silly audit   '@pkgr/utils': [ '2.3.1' ],
61 silly audit   '@rushstack/eslint-patch': [ '1.2.0' ],
61 silly audit   '@swc/helpers': [ '0.4.14' ],
61 silly audit   '@types/json5': [ '0.0.29' ],
61 silly audit   '@typescript-eslint/parser': [ '5.49.0' ],
61 silly audit   '@typescript-eslint/scope-manager': [ '5.49.0' ],
61 silly audit   '@typescript-eslint/types': [ '5.49.0' ],
61 silly audit   '@typescript-eslint/typescript-estree': [ '5.49.0' ],
61 silly audit   globby: [ '11.1.0', '13.1.3' ],
61 silly audit   semver: [ '7.3.8', '6.3.0' ],
61 silly audit   slash: [ '3.0.0', '4.0.0' ],
61 silly audit   '@typescript-eslint/visitor-keys': [ '5.49.0' ],
61 silly audit   acorn: [ '8.8.2', '7.4.1' ],
61 silly audit   'acorn-jsx': [ '5.3.2' ],
61 silly audit   'acorn-node': [ '1.8.2' ],
61 silly audit   'acorn-walk': [ '7.2.0' ],
61 silly audit   ajv: [ '6.12.6' ],
61 silly audit   'ansi-regex': [ '5.0.1' ],
61 silly audit   'ansi-styles': [ '4.3.0' ],
61 silly audit   anymatch: [ '3.1.3' ],
61 silly audit   arg: [ '5.0.2' ],
61 silly audit   argparse: [ '2.0.1' ],
61 silly audit   'aria-query': [ '5.1.3' ],
61 silly audit   'array-includes': [ '3.1.6' ],
61 silly audit   'array-union': [ '2.1.0' ],
61 silly audit   'array.prototype.flat': [ '1.3.1' ],
61 silly audit   'array.prototype.flatmap': [ '1.3.1' ],
61 silly audit   'array.prototype.tosorted': [ '1.1.1' ],
61 silly audit   'ast-types-flow': [ '0.0.7' ],
61 silly audit   autoprefixer: [ '10.4.13' ],
61 silly audit   'available-typed-arrays': [ '1.0.5' ],
61 silly audit   'axe-core': [ '4.6.3' ],
61 silly audit   'axobject-query': [ '3.1.1' ],
61 silly audit   'balanced-match': [ '1.0.2' ],
61 silly audit   'binary-extensions': [ '2.2.0' ],
61 silly audit   'brace-expansion': [ '1.1.11' ],
61 silly audit   braces: [ '3.0.2' ],
61 silly audit   browserslist: [ '4.21.4' ],
61 silly audit   'call-bind': [ '1.0.2' ],
61 silly audit   callsites: [ '3.1.0' ],
61 silly audit   'camelcase-css': [ '2.0.1' ],
61 silly audit   'caniuse-lite': [ '1.0.30001448' ],
61 silly audit   chalk: [ '4.1.2' ],
61 silly audit   chokidar: [ '3.5.3' ],
61 silly audit   'glob-parent': [ '5.1.2', '6.0.2' ],
61 silly audit   'client-only': [ '0.0.1' ],
61 silly audit   'color-convert': [ '2.0.1' ],
61 silly audit   'color-name': [ '1.1.4' ],
61 silly audit   'concat-map': [ '0.0.1' ],
61 silly audit   'cross-spawn': [ '7.0.3' ],
61 silly audit   cssesc: [ '3.0.0' ],
61 silly audit   'damerau-levenshtein': [ '1.0.8' ],
61 silly audit   debug: [ '4.3.4', '3.2.7' ],
61 silly audit   'deep-equal': [ '2.2.0' ],
61 silly audit   'deep-is': [ '0.1.4' ],
61 silly audit   'define-lazy-prop': [ '2.0.0' ],
61 silly audit   'define-properties': [ '1.1.4' ],
61 silly audit   defined: [ '1.0.1' ],
61 silly audit   detective: [ '5.2.1' ],
61 silly audit   didyoumean: [ '1.2.2' ],
61 silly audit   'dir-glob': [ '3.0.1' ],
61 silly audit   dlv: [ '1.1.3' ],
61 silly audit   doctrine: [ '2.1.0', '3.0.0' ],
61 silly audit   'electron-to-chromium': [ '1.4.284' ],
61 silly audit   'emoji-regex': [ '9.2.2' ],
61 silly audit   'enhanced-resolve': [ '5.12.0' ],
61 silly audit   'es-abstract': [ '1.21.1' ],
61 silly audit   'es-get-iterator': [ '1.1.3' ],
61 silly audit   'es-set-tostringtag': [ '2.0.1' ],
61 silly audit   'es-shim-unscopables': [ '1.0.0' ],
61 silly audit   'es-to-primitive': [ '1.2.1' ],
61 silly audit   escalade: [ '3.1.1' ],
61 silly audit   'escape-string-regexp': [ '4.0.0' ],
61 silly audit   eslint: [ '8.32.0' ],
61 silly audit   'eslint-config-next': [ '13.1.5' ],
61 silly audit   'eslint-import-resolver-node': [ '0.3.7' ],
61 silly audit   ms: [ '2.1.3', '2.1.2' ],
61 silly audit   'eslint-import-resolver-typescript': [ '3.5.3' ],
61 silly audit   'eslint-module-utils': [ '2.7.4' ],
61 silly audit   'eslint-plugin-import': [ '2.27.5' ],
61 silly audit   'eslint-plugin-jsx-a11y': [ '6.7.1' ],
61 silly audit   'eslint-plugin-react': [ '7.32.1' ],
61 silly audit   'eslint-plugin-react-hooks': [ '4.6.0' ],
61 silly audit   resolve: [ '2.0.0-next.4', '1.22.1' ],
61 silly audit   'eslint-scope': [ '7.1.1' ],
61 silly audit   'eslint-utils': [ '3.0.0' ],
61 silly audit   'eslint-visitor-keys': [ '2.1.0', '3.3.0' ],
61 silly audit   espree: [ '9.4.1' ],
61 silly audit   esquery: [ '1.4.0' ],
61 silly audit   esrecurse: [ '4.3.0' ],
61 silly audit   estraverse: [ '5.3.0' ],
61 silly audit   esutils: [ '2.0.3' ],
61 silly audit   'fast-deep-equal': [ '3.1.3' ],
61 silly audit   'fast-glob': [ '3.2.12' ],
61 silly audit   'fast-json-stable-stringify': [ '2.1.0' ],
61 silly audit   'fast-levenshtein': [ '2.0.6' ],
61 silly audit   fastq: [ '1.15.0' ],
61 silly audit   'file-entry-cache': [ '6.0.1' ],
61 silly audit   'fill-range': [ '7.0.1' ],
61 silly audit   'find-up': [ '5.0.0' ],
61 silly audit   'flat-cache': [ '3.0.4' ],
61 silly audit   flatted: [ '3.2.7' ],
61 silly audit   'for-each': [ '0.3.3' ],
61 silly audit   'fraction.js': [ '4.2.0' ],
61 silly audit   'fs.realpath': [ '1.0.0' ],
61 silly audit   fsevents: [ '2.3.2' ],
61 silly audit   'function-bind': [ '1.1.1' ],
61 silly audit   'function.prototype.name': [ '1.1.5' ],
61 silly audit   'functions-have-names': [ '1.2.3' ],
61 silly audit   'get-intrinsic': [ '1.2.0' ],
61 silly audit   'get-symbol-description': [ '1.0.0' ],
61 silly audit   'get-tsconfig': [ '4.3.0' ],
61 silly audit   glob: [ '7.1.7', '7.2.3' ],
61 silly audit   globals: [ '13.19.0' ],
61 silly audit   globalthis: [ '1.0.3' ],
61 silly audit   globalyzer: [ '0.1.0' ],
61 silly audit   globrex: [ '0.1.2' ],
61 silly audit   gopd: [ '1.0.1' ],
61 silly audit   'graceful-fs': [ '4.2.10' ],
61 silly audit   'grapheme-splitter': [ '1.0.4' ],
61 silly audit   has: [ '1.0.3' ],
61 silly audit   'has-bigints': [ '1.0.2' ],
61 silly audit   'has-flag': [ '4.0.0' ],
61 silly audit   'has-property-descriptors': [ '1.0.0' ],
61 silly audit   'has-proto': [ '1.0.1' ],
61 silly audit   'has-symbols': [ '1.0.3' ],
61 silly audit   'has-tostringtag': [ '1.0.0' ],
61 silly audit   ignore: [ '5.2.4' ],
61 silly audit   'import-fresh': [ '3.3.0' ],
61 silly audit   imurmurhash: [ '0.1.4' ],
61 silly audit   inflight: [ '1.0.6' ],
61 silly audit   inherits: [ '2.0.4' ],
61 silly audit   'internal-slot': [ '1.0.4' ],
61 silly audit   'is-arguments': [ '1.1.1' ],
61 silly audit   'is-array-buffer': [ '3.0.1' ],
61 silly audit   'is-bigint': [ '1.0.4' ],
61 silly audit   'is-binary-path': [ '2.1.0' ],
61 silly audit   'is-boolean-object': [ '1.1.2' ],
61 silly audit   'is-callable': [ '1.2.7' ],
61 silly audit   'is-core-module': [ '2.11.0' ],
61 silly audit   'is-date-object': [ '1.0.5' ],
61 silly audit   'is-docker': [ '2.2.1' ],
61 silly audit   'is-extglob': [ '2.1.1' ],
61 silly audit   'is-glob': [ '4.0.3' ],
61 silly audit   'is-map': [ '2.0.2' ],
61 silly audit   'is-negative-zero': [ '2.0.2' ],
61 silly audit   'is-number': [ '7.0.0' ],
61 silly audit   'is-number-object': [ '1.0.7' ],
61 silly audit   'is-path-inside': [ '3.0.3' ],
61 silly audit   'is-regex': [ '1.1.4' ],
61 silly audit   'is-set': [ '2.0.2' ],
61 silly audit   'is-shared-array-buffer': [ '1.0.2' ],
61 silly audit   'is-string': [ '1.0.7' ],
61 silly audit   'is-symbol': [ '1.0.4' ],
61 silly audit   'is-typed-array': [ '1.1.10' ],
61 silly audit   'is-weakmap': [ '2.0.1' ],
61 silly audit   'is-weakref': [ '1.0.2' ],
61 silly audit   'is-weakset': [ '2.0.2' ],
61 silly audit   'is-wsl': [ '2.2.0' ],
61 silly audit   isarray: [ '2.0.5' ],
61 silly audit   isexe: [ '2.0.0' ],
61 silly audit   'js-sdsl': [ '4.3.0' ],
61 silly audit   'js-tokens': [ '4.0.0' ],
61 silly audit   'js-yaml': [ '4.1.0' ],
61 silly audit   'json-schema-traverse': [ '0.4.1' ],
61 silly audit   'json-stable-stringify-without-jsonify': [ '1.0.1' ],
61 silly audit   json5: [ '1.0.2' ],
61 silly audit   'jsx-ast-utils': [ '3.3.3' ],
61 silly audit   'language-subtag-registry': [ '0.3.22' ],
61 silly audit   'language-tags': [ '1.0.5' ],
61 silly audit   levn: [ '0.4.1' ],
61 silly audit   lilconfig: [ '2.0.6' ],
61 silly audit   'locate-path': [ '6.0.0' ],
61 silly audit   'lodash.merge': [ '4.6.2' ],
61 silly audit   'loose-envify': [ '1.4.0' ],
61 silly audit   'lru-cache': [ '6.0.0' ],
61 silly audit   merge2: [ '1.4.1' ],
61 silly audit   micromatch: [ '4.0.5' ],
61 silly audit   minimatch: [ '3.1.2' ],
61 silly audit   minimist: [ '1.2.7' ],
61 silly audit   nanoid: [ '3.3.4' ],
61 silly audit   'natural-compare': [ '1.4.0' ],
61 silly audit   next: [ '13.1.5' ],
61 silly audit   postcss: [ '8.4.14', '8.4.21' ],
61 silly audit   'node-releases': [ '2.0.8' ],
61 silly audit   'normalize-path': [ '3.0.0' ],
61 silly audit   'normalize-range': [ '0.1.2' ],
61 silly audit   'object-assign': [ '4.1.1' ],
61 silly audit   'object-hash': [ '3.0.0' ],
61 silly audit   'object-inspect': [ '1.12.3' ],
61 silly audit   'object-is': [ '1.1.5' ],
61 silly audit   'object-keys': [ '1.1.1' ],
61 silly audit   'object.assign': [ '4.1.4' ],
61 silly audit   'object.entries': [ '1.1.6' ],
61 silly audit   'object.fromentries': [ '2.0.6' ],
61 silly audit   'object.hasown': [ '1.1.2' ],
61 silly audit   'object.values': [ '1.1.6' ],
61 silly audit   once: [ '1.4.0' ],
61 silly audit   open: [ '8.4.0' ],
61 silly audit   optionator: [ '0.9.1' ],
61 silly audit   'p-limit': [ '3.1.0' ],
61 silly audit   'p-locate': [ '5.0.0' ],
61 silly audit   'parent-module': [ '1.0.1' ],
61 silly audit   'path-exists': [ '4.0.0' ],
61 silly audit   'path-is-absolute': [ '1.0.1' ],
61 silly audit   'path-key': [ '3.1.1' ],
61 silly audit   'path-parse': [ '1.0.7' ],
61 silly audit   'path-type': [ '4.0.0' ],
61 silly audit   picocolors: [ '1.0.0' ],
61 silly audit   picomatch: [ '2.3.1' ],
61 silly audit   pify: [ '2.3.0' ],
61 silly audit   'postcss-import': [ '14.1.0' ],
61 silly audit   'postcss-js': [ '4.0.0' ],
61 silly audit   'postcss-load-config': [ '3.1.4' ],
61 silly audit   'postcss-nested': [ '6.0.0' ],
61 silly audit   'postcss-selector-parser': [ '6.0.11' ],
61 silly audit   'postcss-value-parser': [ '4.2.0' ],
61 silly audit   'prelude-ls': [ '1.2.1' ],
61 silly audit   'prop-types': [ '15.8.1' ],
61 silly audit   punycode: [ '2.3.0' ],
61 silly audit   'queue-microtask': [ '1.2.3' ],
61 silly audit   'quick-lru': [ '5.1.1' ],
61 silly audit   react: [ '18.2.0' ],
61 silly audit   'react-dom': [ '18.2.0' ],
61 silly audit   'react-is': [ '16.13.1' ],
61 silly audit   'read-cache': [ '1.0.0' ],
61 silly audit   readdirp: [ '3.6.0' ],
61 silly audit   'regenerator-runtime': [ '0.13.11' ],
61 silly audit   'regexp.prototype.flags': [ '1.4.3' ],
61 silly audit   regexpp: [ '3.2.0' ],
61 silly audit   'resolve-from': [ '4.0.0' ],
61 silly audit   reusify: [ '1.0.4' ],
61 silly audit   rimraf: [ '3.0.2' ],
61 silly audit   'run-parallel': [ '1.2.0' ],
61 silly audit   'safe-regex-test': [ '1.0.0' ],
61 silly audit   scheduler: [ '0.23.0' ],
61 silly audit   'shebang-command': [ '2.0.0' ],
61 silly audit   'shebang-regex': [ '3.0.0' ],
61 silly audit   'side-channel': [ '1.0.4' ],
61 silly audit   'source-map-js': [ '1.0.2' ],
61 silly audit   'stop-iteration-iterator': [ '1.0.0' ],
61 silly audit   'string.prototype.matchall': [ '4.0.8' ],
61 silly audit   'string.prototype.trimend': [ '1.0.6' ],
61 silly audit   'string.prototype.trimstart': [ '1.0.6' ],
61 silly audit   'strip-ansi': [ '6.0.1' ],
61 silly audit   'strip-bom': [ '3.0.0' ],
61 silly audit   'strip-json-comments': [ '3.1.1' ],
61 silly audit   'styled-jsx': [ '5.1.1' ],
61 silly audit   'supports-color': [ '7.2.0' ],
61 silly audit   'supports-preserve-symlinks-flag': [ '1.0.0' ],
61 silly audit   synckit: [ '0.8.4' ],
61 silly audit   tailwindcss: [ '3.2.4' ],
61 silly audit   tapable: [ '2.2.1' ],
61 silly audit   'text-table': [ '0.2.0' ],
61 silly audit   'tiny-glob': [ '0.2.9' ],
61 silly audit   'to-regex-range': [ '5.0.1' ],
61 silly audit   'tsconfig-paths': [ '3.14.1' ],
61 silly audit   tslib: [ '2.4.1', '1.14.1' ],
61 silly audit   tsutils: [ '3.21.0' ],
61 silly audit   'type-check': [ '0.4.0' ],
61 silly audit   'type-fest': [ '0.20.2' ],
61 silly audit   'typed-array-length': [ '1.0.4' ],
61 silly audit   'unbox-primitive': [ '1.0.2' ],
61 silly audit   'update-browserslist-db': [ '1.0.10' ],
61 silly audit   'uri-js': [ '4.4.1' ],
61 silly audit   'util-deprecate': [ '1.0.2' ],
61 silly audit   which: [ '2.0.2' ],
61 silly audit   'which-boxed-primitive': [ '1.0.2' ],
61 silly audit   'which-collection': [ '1.0.1' ],
61 silly audit   'which-typed-array': [ '1.1.9' ],
61 silly audit   'word-wrap': [ '1.2.3' ],
61 silly audit   wrappy: [ '1.0.2' ],
61 silly audit   xtend: [ '4.0.2' ],
61 silly audit   yallist: [ '4.0.0' ],
61 silly audit   yaml: [ '1.10.2' ],
61 silly audit   'yocto-queue': [ '0.1.0' ],
61 silly audit   '@tailwindcss/forms': [ '0.5.3' ],
61 silly audit   'mini-svg-data-uri': [ '1.4.4' ],
61 silly audit   typescript: [ '4.9.4' ]
61 silly audit }
62 verbose reify failed optional dependency /app/node_modules/fsevents
63 silly reify mark deleted [ '/app/node_modules/fsevents' ]
64 verbose reify failed optional dependency /app/node_modules/@next/swc-win32-x64-msvc
65 silly reify mark deleted [ '/app/node_modules/@next/swc-win32-x64-msvc' ]
66 verbose reify failed optional dependency /app/node_modules/@next/swc-win32-ia32-msvc
67 silly reify mark deleted [ '/app/node_modules/@next/swc-win32-ia32-msvc' ]
68 verbose reify failed optional dependency /app/node_modules/@next/swc-win32-arm64-msvc
69 silly reify mark deleted [ '/app/node_modules/@next/swc-win32-arm64-msvc' ]
70 verbose reify failed optional dependency /app/node_modules/@next/swc-linux-arm64-musl
71 silly reify mark deleted [ '/app/node_modules/@next/swc-linux-arm64-musl' ]
72 verbose reify failed optional dependency /app/node_modules/@next/swc-linux-arm64-gnu
73 silly reify mark deleted [ '/app/node_modules/@next/swc-linux-arm64-gnu' ]
74 verbose reify failed optional dependency /app/node_modules/@next/swc-linux-arm-gnueabihf
75 silly reify mark deleted [ '/app/node_modules/@next/swc-linux-arm-gnueabihf' ]
76 verbose reify failed optional dependency /app/node_modules/@next/swc-freebsd-x64
77 silly reify mark deleted [ '/app/node_modules/@next/swc-freebsd-x64' ]
78 verbose reify failed optional dependency /app/node_modules/@next/swc-darwin-x64
79 silly reify mark deleted [ '/app/node_modules/@next/swc-darwin-x64' ]
80 verbose reify failed optional dependency /app/node_modules/@next/swc-darwin-arm64
81 silly reify mark deleted [ '/app/node_modules/@next/swc-darwin-arm64' ]
82 verbose reify failed optional dependency /app/node_modules/@next/swc-android-arm64
83 silly reify mark deleted [ '/app/node_modules/@next/swc-android-arm64' ]
84 verbose reify failed optional dependency /app/node_modules/@next/swc-android-arm-eabi
85 silly reify mark deleted [ '/app/node_modules/@next/swc-android-arm-eabi' ]
86 timing reifyNode:node_modules/fsevents Completed in 32ms
87 timing reifyNode:node_modules/@next/swc-win32-x64-msvc Completed in 33ms
88 timing reifyNode:node_modules/@next/swc-win32-ia32-msvc Completed in 34ms
89 timing reifyNode:node_modules/@next/swc-win32-arm64-msvc Completed in 34ms
90 timing reifyNode:node_modules/@next/swc-linux-arm64-musl Completed in 35ms
91 timing reifyNode:node_modules/@next/swc-linux-arm64-gnu Completed in 36ms
92 timing reifyNode:node_modules/@next/swc-linux-arm-gnueabihf Completed in 37ms
93 timing reifyNode:node_modules/@next/swc-freebsd-x64 Completed in 38ms
94 timing reifyNode:node_modules/@next/swc-darwin-x64 Completed in 38ms
95 timing reifyNode:node_modules/@next/swc-darwin-arm64 Completed in 38ms
96 timing reifyNode:node_modules/@next/swc-android-arm64 Completed in 39ms
97 timing reifyNode:node_modules/@next/swc-android-arm-eabi Completed in 41ms
98 silly tarball no local data for mini-svg-data-uri@https://registry.npmjs.org/mini-svg-data-uri/-/mini-svg-data-uri-1.4.4.tgz. Extracting by manifest.
99 silly tarball no local data for typescript@https://registry.npmjs.org/typescript/-/typescript-4.9.4.tgz. Extracting by manifest.
100 silly tarball no local data for @tailwindcss/forms@https://registry.npmjs.org/@tailwindcss/forms/-/forms-0.5.3.tgz. Extracting by manifest.
101 http fetch POST 200 https://registry.npmjs.org/-/npm/v1/security/advisories/bulk 430ms
102 timing auditReport:getReport Completed in 446ms
103 silly audit report {}
104 timing auditReport:init Completed in 0ms
105 timing reify:audit Completed in 450ms
106 http fetch GET 200 https://registry.npmjs.org/mini-svg-data-uri/-/mini-svg-data-uri-1.4.4.tgz 634ms (cache miss)
107 timing reifyNode:node_modules/mini-svg-data-uri Completed in 715ms
108 http fetch GET 200 https://registry.npmjs.org/@tailwindcss/forms/-/forms-0.5.3.tgz 944ms (cache miss)
109 timing reifyNode:node_modules/@tailwindcss/forms Completed in 1021ms
110 http fetch GET 200 https://registry.npmjs.org/typescript/-/typescript-4.9.4.tgz 11201ms (cache miss)
111 timing reifyNode:node_modules/typescript Completed in 11266ms
112 timing reify:unpack Completed in 11267ms
113 timing reify:unretire Completed in 0ms
114 timing build:queue Completed in 26ms
115 timing build:link:node_modules/mini-svg-data-uri Completed in 17ms
116 timing build:link:node_modules/typescript Completed in 25ms
117 timing build:link Completed in 30ms
118 timing build:deps Completed in 63ms
119 timing build Completed in 64ms
120 timing reify:build Completed in 66ms
121 timing reify:trash Completed in 30ms
122 timing reify:save Completed in 214ms
123 timing reify Completed in 13987ms
124 silly ADD node_modules/typescript
125 silly ADD node_modules/mini-svg-data-uri
126 silly ADD node_modules/@tailwindcss/forms
127 silly ADD
128 silly ADD
129 silly ADD
130 silly ADD
131 silly ADD
132 silly ADD
133 silly ADD
134 silly ADD
135 silly ADD
136 silly ADD
137 silly ADD
138 silly ADD
139 timing command:install Completed in 14100ms
140 verbose exit 0
141 timing npm Completed in 14204ms
142 info ok
